<?xml version="1.0" encoding="UTF-8" ?>
<testsuite tests="8" failures="0" name="Ejercicio_3Test" time="0.022" errors="0" skipped="0">
  <properties>
[...]
</properties>
  <testcase classname="Ejercicio_3Test" name="adecuacion_menu2" time="0.012"/>
  <testcase classname="Ejercicio_3Test" name="rango_mediciones" time="0"/>
  <testcase classname="Ejercicio_3Test" name="principal" time="0.005"/>
  <testcase classname="Ejercicio_3Test" name="adecuacion_menu" time="0"/>
  <testcase classname="Ejercicio_3Test" name="mantenibilidad_menu1" time="0.001"/>
  <testcase classname="Ejercicio_3Test" name="manteabilidad" time="0.001"/>
  <testcase classname="Ejercicio_3Test" name="manteabilidad1" time="0.002"/>
  <testcase classname="Ejercicio_3Test" name="mantenibilidad_menu" time="0.001"/>
</testsuite>